
*** Running vivado
    with args -log Adder4.vdi -applog -m64 -product Vivado -messageDb vivado.pb -mode batch -source Adder4.tcl -notrace


****** Vivado v2017.4 (64-bit)
  **** SW Build 2086221 on Fri Dec 15 20:55:39 MST 2017
  **** IP Build 2085800 on Fri Dec 15 22:25:07 MST 2017
    ** Copyright 1986-2017 Xilinx, Inc. All Rights Reserved.

source Adder4.tcl -notrace
Command: open_checkpoint C:/Users/ga62mos/VHLDsample/trial001/trial001.runs/impl_1/Adder4.dcp

Starting open_checkpoint Task

Time (s): cpu = 00:00:00 ; elapsed = 00:00:00.026 . Memory (MB): peak = 229.840 ; gain = 0.000
INFO: [Netlist 29-17] Analyzing 8 Unisim elements for replacement
INFO: [Netlist 29-28] Unisim Transformation completed in 0 CPU seconds
INFO: [Project 1-479] Netlist was created with Vivado 2017.4
INFO: [Device 21-403] Loading part xc7z020clg484-1
INFO: [Project 1-570] Preparing netlist for logic optimization
INFO: [Project 1-111] Unisim Transformation Summary:
No Unisim elements were transformed.

INFO: [Project 1-604] Checkpoint was created with Vivado v2017.4 (64-bit) build 2086221
open_checkpoint: Time (s): cpu = 00:00:08 ; elapsed = 00:00:08 . Memory (MB): peak = 600.875 ; gain = 374.496
Command: opt_design
Attempting to get a license for feature 'Implementation' and/or device 'xc7z020'
INFO: [Common 17-349] Got license for feature 'Implementation' and/or device 'xc7z020'
Running DRC as a precondition to command opt_design

Starting DRC Task
INFO: [DRC 23-27] Running DRC with 2 threads
INFO: [Project 1-461] DRC finished with 0 Errors
INFO: [Project 1-462] Please refer to the DRC report (report_drc) for more information.

Time (s): cpu = 00:00:01 ; elapsed = 00:00:00.464 . Memory (MB): peak = 616.594 ; gain = 14.152
INFO: [Timing 38-35] Done setting XDC timing constraints.

Starting Logic Optimization Task

Phase 1 Retarget
INFO: [Opt 31-138] Pushed 0 inverter(s) to 0 load pin(s).
INFO: [Opt 31-49] Retargeted 0 cell(s).
Phase 1 Retarget | Checksum: a2a25f93

Time (s): cpu = 00:00:00 ; elapsed = 00:00:00.015 . Memory (MB): peak = 1138.273 ; gain = 0.000
INFO: [Opt 31-389] Phase Retarget created 0 cells and removed 0 cells

Phase 2 Constant propagation
INFO: [Opt 31-138] Pushed 0 inverter(s) to 0 load pin(s).
Phase 2 Constant propagation | Checksum: a2a25f93

Time (s): cpu = 00:00:00 ; elapsed = 00:00:00.016 . Memory (MB): peak = 1138.273 ; gain = 0.000
INFO: [Opt 31-389] Phase Constant propagation created 0 cells and removed 0 cells

Phase 3 Sweep
Phase 3 Sweep | Checksum: a2a25f93

Time (s): cpu = 00:00:00 ; elapsed = 00:00:00.017 . Memory (MB): peak = 1138.273 ; gain = 0.000
INFO: [Opt 31-389] Phase Sweep created 0 cells and removed 0 cells

Phase 4 BUFG optimization
Phase 4 BUFG optimization | Checksum: a2a25f93

Time (s): cpu = 00:00:00 ; elapsed = 00:00:00.018 . Memory (MB): peak = 1138.273 ; gain = 0.000
INFO: [Opt 31-389] Phase BUFG optimization created 0 cells and removed 0 cells

Phase 5 Shift Register Optimization
Phase 5 Shift Register Optimization | Checksum: a2a25f93

Time (s): cpu = 00:00:00 ; elapsed = 00:00:00.019 . Memory (MB): peak = 1138.273 ; gain = 0.000
INFO: [Opt 31-389] Phase Shift Register Optimization created 0 cells and removed 0 cells

Starting Connectivity Check Task

Time (s): cpu = 00:00:00 ; elapsed = 00:00:00.001 . Memory (MB): peak = 1138.273 ; gain = 0.000
Ending Logic Optimization Task | Checksum: a2a25f93

Time (s): cpu = 00:00:00 ; elapsed = 00:00:00.021 . Memory (MB): peak = 1138.273 ; gain = 0.000

Starting Power Optimization Task
INFO: [Pwropt 34-132] Skipping clock gating for clocks with a period < 2.00 ns.
Ending Power Optimization Task | Checksum: a2a25f93

Time (s): cpu = 00:00:00 ; elapsed = 00:00:00.007 . Memory (MB): peak = 1138.273 ; gain = 0.000
INFO: [Common 17-83] Releasing license: Implementation
22 Infos, 0 Warnings, 0 Critical Warnings and 0 Errors encountered.
opt_design completed successfully
opt_design: Time (s): cpu = 00:00:12 ; elapsed = 00:00:12 . Memory (MB): peak = 1138.273 ; gain = 537.398
INFO: [Common 17-1381] The checkpoint 'C:/Users/ga62mos/VHLDsample/trial001/trial001.runs/impl_1/Adder4_opt.dcp' has been generated.
INFO: [runtcl-4] Executing : report_drc -file Adder4_drc_opted.rpt -pb Adder4_drc_opted.pb -rpx Adder4_drc_opted.rpx
Command: report_drc -file Adder4_drc_opted.rpt -pb Adder4_drc_opted.pb -rpx Adder4_drc_opted.rpx
INFO: [IP_Flow 19-234] Refreshing IP repositories
INFO: [IP_Flow 19-1704] No user IP repositories specified
INFO: [IP_Flow 19-2313] Loaded Vivado IP repository 'C:/Xilinx/Vivado/2017.4/data/ip'.
INFO: [DRC 23-27] Running DRC with 2 threads
INFO: [Coretcl 2-168] The results of DRC are in file C:/Users/ga62mos/VHLDsample/trial001/trial001.runs/impl_1/Adder4_drc_opted.rpt.
report_drc completed successfully
INFO: [Chipscope 16-241] No debug cores found in the current design.
Before running the implement_debug_core command, either use the Set Up Debug wizard (GUI mode)
or use the create_debug_core and connect_debug_core Tcl commands to insert debug cores into the design.
Command: place_design
Attempting to get a license for feature 'Implementation' and/or device 'xc7z020'
INFO: [Common 17-349] Got license for feature 'Implementation' and/or device 'xc7z020'
INFO: [DRC 23-27] Running DRC with 2 threads
INFO: [Vivado_Tcl 4-198] DRC finished with 0 Errors
INFO: [Vivado_Tcl 4-199] Please refer to the DRC report (report_drc) for more information.
Running DRC as a precondition to command place_design
INFO: [DRC 23-27] Running DRC with 2 threads
INFO: [Vivado_Tcl 4-198] DRC finished with 0 Errors
INFO: [Vivado_Tcl 4-199] Please refer to the DRC report (report_drc) for more information.

Starting Placer Task
INFO: [Place 30-611] Multithreading enabled for place_design using a maximum of 2 CPUs

Phase 1 Placer Initialization

Phase 1.1 Placer Initialization Netlist Sorting
Netlist sorting complete. Time (s): cpu = 00:00:00 ; elapsed = 00:00:00 . Memory (MB): peak = 1138.273 ; gain = 0.000
Phase 1.1 Placer Initialization Netlist Sorting | Checksum: 740f93cf

Time (s): cpu = 00:00:00 ; elapsed = 00:00:00.003 . Memory (MB): peak = 1138.273 ; gain = 0.000
Netlist sorting complete. Time (s): cpu = 00:00:00 ; elapsed = 00:00:00 . Memory (MB): peak = 1138.273 ; gain = 0.000

Phase 1.2 IO Placement/ Clock Placement/ Build Placer Device
INFO: [Timing 38-35] Done setting XDC timing constraints.
Phase 1.2 IO Placement/ Clock Placement/ Build Placer Device | Checksum: 9e14dcf5

Time (s): cpu = 00:00:00 ; elapsed = 00:00:00.499 . Memory (MB): peak = 1143.988 ; gain = 5.715

Phase 1.3 Build Placer Netlist Model
Phase 1.3 Build Placer Netlist Model | Checksum: f297f89a

Time (s): cpu = 00:00:00 ; elapsed = 00:00:00.531 . Memory (MB): peak = 1143.988 ; gain = 5.715

Phase 1.4 Constrain Clocks/Macros
Phase 1.4 Constrain Clocks/Macros | Checksum: f297f89a

Time (s): cpu = 00:00:00 ; elapsed = 00:00:00.533 . Memory (MB): peak = 1143.988 ; gain = 5.715
Phase 1 Placer Initialization | Checksum: f297f89a

Time (s): cpu = 00:00:00 ; elapsed = 00:00:00.534 . Memory (MB): peak = 1143.988 ; gain = 5.715

Phase 2 Global Placement
Phase 2 Global Placement | Checksum: 10bf24cd0

Time (s): cpu = 00:00:01 ; elapsed = 00:00:00.789 . Memory (MB): peak = 1144.477 ; gain = 6.203

Phase 3 Detail Placement

Phase 3.1 Commit Multi Column Macros
Phase 3.1 Commit Multi Column Macros | Checksum: 10bf24cd0

Time (s): cpu = 00:00:01 ; elapsed = 00:00:00.791 . Memory (MB): peak = 1144.477 ; gain = 6.203

Phase 3.2 Commit Most Macros & LUTRAMs
Phase 3.2 Commit Most Macros & LUTRAMs | Checksum: 18e6698e5

Time (s): cpu = 00:00:01 ; elapsed = 00:00:00.822 . Memory (MB): peak = 1144.477 ; gain = 6.203

Phase 3.3 Area Swap Optimization
Phase 3.3 Area Swap Optimization | Checksum: d59fa4ee

Time (s): cpu = 00:00:01 ; elapsed = 00:00:00.829 . Memory (MB): peak = 1144.477 ; gain = 6.203

Phase 3.4 Pipeline Register Optimization
Phase 3.4 Pipeline Register Optimization | Checksum: d59fa4ee

Time (s): cpu = 00:00:01 ; elapsed = 00:00:00.829 . Memory (MB): peak = 1144.477 ; gain = 6.203

Phase 3.5 Small Shape Detail Placement
Phase 3.5 Small Shape Detail Placement | Checksum: 18f0e2510

Time (s): cpu = 00:00:02 ; elapsed = 00:00:01 . Memory (MB): peak = 1149.785 ; gain = 11.512

Phase 3.6 Re-assign LUT pins
Phase 3.6 Re-assign LUT pins | Checksum: 18f0e2510

Time (s): cpu = 00:00:02 ; elapsed = 00:00:01 . Memory (MB): peak = 1149.785 ; gain = 11.512

Phase 3.7 Pipeline Register Optimization
Phase 3.7 Pipeline Register Optimization | Checksum: 18f0e2510

Time (s): cpu = 00:00:02 ; elapsed = 00:00:01 . Memory (MB): peak = 1149.785 ; gain = 11.512
Phase 3 Detail Placement | Checksum: 18f0e2510

Time (s): cpu = 00:00:02 ; elapsed = 00:00:01 . Memory (MB): peak = 1149.785 ; gain = 11.512

Phase 4 Post Placement Optimization and Clean-Up

Phase 4.1 Post Commit Optimization
Phase 4.1 Post Commit Optimization | Checksum: 18f0e2510

Time (s): cpu = 00:00:02 ; elapsed = 00:00:01 . Memory (MB): peak = 1149.785 ; gain = 11.512

Phase 4.2 Post Placement Cleanup
Phase 4.2 Post Placement Cleanup | Checksum: 18f0e2510

Time (s): cpu = 00:00:02 ; elapsed = 00:00:01 . Memory (MB): peak = 1149.785 ; gain = 11.512

Phase 4.3 Placer Reporting
Phase 4.3 Placer Reporting | Checksum: 18f0e2510

Time (s): cpu = 00:00:02 ; elapsed = 00:00:01 . Memory (MB): peak = 1149.785 ; gain = 11.512

Phase 4.4 Final Placement Cleanup
Phase 4.4 Final Placement Cleanup | Checksum: 18f0e2510

Time (s): cpu = 00:00:02 ; elapsed = 00:00:01 . Memory (MB): peak = 1149.785 ; gain = 11.512
Phase 4 Post Placement Optimization and Clean-Up | Checksum: 18f0e2510

Time (s): cpu = 00:00:02 ; elapsed = 00:00:01 . Memory (MB): peak = 1149.785 ; gain = 11.512
Ending Placer Task | Checksum: 15db5a3a1

Time (s): cpu = 00:00:02 ; elapsed = 00:00:01 . Memory (MB): peak = 1149.785 ; gain = 11.512
INFO: [Common 17-83] Releasing license: Implementation
40 Infos, 0 Warnings, 0 Critical Warnings and 0 Errors encountered.
place_design completed successfully
Writing placer database...
Writing XDEF routing.
Writing XDEF routing logical nets.
Writing XDEF routing special nets.
Write XDEF Complete: Time (s): cpu = 00:00:00 ; elapsed = 00:00:00.101 . Memory (MB): peak = 1149.785 ; gain = 0.000
INFO: [Common 17-1381] The checkpoint 'C:/Users/ga62mos/VHLDsample/trial001/trial001.runs/impl_1/Adder4_placed.dcp' has been generated.
INFO: [runtcl-4] Executing : report_io -file Adder4_io_placed.rpt
report_io: Time (s): cpu = 00:00:00 ; elapsed = 00:00:00.061 . Memory (MB): peak = 1152.988 ; gain = 3.203
INFO: [runtcl-4] Executing : report_utilization -file Adder4_utilization_placed.rpt -pb Adder4_utilization_placed.pb
report_utilization: Time (s): cpu = 00:00:00 ; elapsed = 00:00:00.046 . Memory (MB): peak = 1152.988 ; gain = 0.000
INFO: [runtcl-4] Executing : report_control_sets -verbose -file Adder4_control_sets_placed.rpt
report_control_sets: Time (s): cpu = 00:00:00 ; elapsed = 00:00:00.001 . Memory (MB): peak = 1152.988 ; gain = 0.000
Command: route_design
Attempting to get a license for feature 'Implementation' and/or device 'xc7z020'
INFO: [Common 17-349] Got license for feature 'Implementation' and/or device 'xc7z020'
Running DRC as a precondition to command route_design
INFO: [DRC 23-27] Running DRC with 2 threads
INFO: [Vivado_Tcl 4-198] DRC finished with 0 Errors
INFO: [Vivado_Tcl 4-199] Please refer to the DRC report (report_drc) for more information.


Starting Routing Task
INFO: [Route 35-254] Multithreading enabled for route_design using a maximum of 2 CPUs
Checksum: PlaceDB: e9a60fd2 ConstDB: 0 ShapeSum: 740f93cf RouteDB: 0

Phase 1 Build RT Design
Phase 1 Build RT Design | Checksum: 118e55da4

Time (s): cpu = 00:00:29 ; elapsed = 00:00:26 . Memory (MB): peak = 1289.090 ; gain = 135.406
Post Restoration Checksum: NetGraph: 70cbce15 NumContArr: a8198f8f Constraints: 0 Timing: 0

Phase 2 Router Initialization
INFO: [Route 35-64] No timing constraints were detected. The router will operate in resource-optimization mode.

Phase 2.1 Fix Topology Constraints
Phase 2.1 Fix Topology Constraints | Checksum: 118e55da4

Time (s): cpu = 00:00:29 ; elapsed = 00:00:26 . Memory (MB): peak = 1295.305 ; gain = 141.621

Phase 2.2 Pre Route Cleanup
Phase 2.2 Pre Route Cleanup | Checksum: 118e55da4

Time (s): cpu = 00:00:29 ; elapsed = 00:00:26 . Memory (MB): peak = 1295.305 ; gain = 141.621
 Number of Nodes with overlaps = 0
Phase 2 Router Initialization | Checksum: 5a287a74

Time (s): cpu = 00:00:29 ; elapsed = 00:00:26 . Memory (MB): peak = 1299.164 ; gain = 145.480

Phase 3 Initial Routing
Phase 3 Initial Routing | Checksum: 15c8f7a57

Time (s): cpu = 00:00:29 ; elapsed = 00:00:26 . Memory (MB): peak = 1299.164 ; gain = 145.480

Phase 4 Rip-up And Reroute

Phase 4.1 Global Iteration 0
 Number of Nodes with overlaps = 0
Phase 4.1 Global Iteration 0 | Checksum: ab3a9360

Time (s): cpu = 00:00:29 ; elapsed = 00:00:26 . Memory (MB): peak = 1299.199 ; gain = 145.516
Phase 4 Rip-up And Reroute | Checksum: ab3a9360

Time (s): cpu = 00:00:29 ; elapsed = 00:00:26 . Memory (MB): peak = 1299.199 ; gain = 145.516

Phase 5 Delay and Skew Optimization
Phase 5 Delay and Skew Optimization | Checksum: ab3a9360

Time (s): cpu = 00:00:29 ; elapsed = 00:00:26 . Memory (MB): peak = 1299.199 ; gain = 145.516

Phase 6 Post Hold Fix

Phase 6.1 Hold Fix Iter
Phase 6.1 Hold Fix Iter | Checksum: ab3a9360

Time (s): cpu = 00:00:29 ; elapsed = 00:00:26 . Memory (MB): peak = 1299.199 ; gain = 145.516
Phase 6 Post Hold Fix | Checksum: ab3a9360

Time (s): cpu = 00:00:29 ; elapsed = 00:00:26 . Memory (MB): peak = 1299.199 ; gain = 145.516

Phase 7 Route finalize

Router Utilization Summary
  Global Vertical Routing Utilization    = 0.00243347 %
  Global Horizontal Routing Utilization  = 0.0025355 %
  Routable Net Status*
  *Does not include unroutable nets such as driverless and loadless.
  Run report_route_status for detailed report.
  Number of Failed Nets               = 0
  Number of Unrouted Nets             = 0
  Number of Partially Routed Nets     = 0
  Number of Node Overlaps             = 0

Utilization threshold used for congestion level computation: 0.85
Congestion Report
North Dir 1x1 Area, Max Cong = 10.8108%, No Congested Regions.
South Dir 1x1 Area, Max Cong = 0.900901%, No Congested Regions.
East Dir 1x1 Area, Max Cong = 5.88235%, No Congested Regions.
West Dir 1x1 Area, Max Cong = 7.35294%, No Congested Regions.
Phase 7 Route finalize | Checksum: ab3a9360

Time (s): cpu = 00:00:29 ; elapsed = 00:00:26 . Memory (MB): peak = 1299.199 ; gain = 145.516

Phase 8 Verifying routed nets

 Verification completed successfully
Phase 8 Verifying routed nets | Checksum: ab3a9360

Time (s): cpu = 00:00:29 ; elapsed = 00:00:26 . Memory (MB): peak = 1301.168 ; gain = 147.484

Phase 9 Depositing Routes
Phase 9 Depositing Routes | Checksum: 164a7ef99

Time (s): cpu = 00:00:29 ; elapsed = 00:00:26 . Memory (MB): peak = 1301.168 ; gain = 147.484
INFO: [Route 35-16] Router Completed Successfully

Time (s): cpu = 00:00:29 ; elapsed = 00:00:26 . Memory (MB): peak = 1301.168 ; gain = 147.484

Routing Is Done.
INFO: [Common 17-83] Releasing license: Implementation
52 Infos, 0 Warnings, 0 Critical Warnings and 0 Errors encountered.
route_design completed successfully
route_design: Time (s): cpu = 00:00:30 ; elapsed = 00:00:27 . Memory (MB): peak = 1301.168 ; gain = 148.180
Writing placer database...
Writing XDEF routing.
Writing XDEF routing logical nets.
Writing XDEF routing special nets.
Write XDEF Complete: Time (s): cpu = 00:00:00 ; elapsed = 00:00:00.058 . Memory (MB): peak = 1301.168 ; gain = 0.000
INFO: [Common 17-1381] The checkpoint 'C:/Users/ga62mos/VHLDsample/trial001/trial001.runs/impl_1/Adder4_routed.dcp' has been generated.
INFO: [runtcl-4] Executing : report_drc -file Adder4_drc_routed.rpt -pb Adder4_drc_routed.pb -rpx Adder4_drc_routed.rpx
Command: report_drc -file Adder4_drc_routed.rpt -pb Adder4_drc_routed.pb -rpx Adder4_drc_routed.rpx
INFO: [IP_Flow 19-1839] IP Catalog is up to date.
INFO: [DRC 23-27] Running DRC with 2 threads
INFO: [Coretcl 2-168] The results of DRC are in file C:/Users/ga62mos/VHLDsample/trial001/trial001.runs/impl_1/Adder4_drc_routed.rpt.
report_drc completed successfully
INFO: [runtcl-4] Executing : report_methodology -file Adder4_methodology_drc_routed.rpt -pb Adder4_methodology_drc_routed.pb -rpx Adder4_methodology_drc_routed.rpx
Command: report_methodology -file Adder4_methodology_drc_routed.rpt -pb Adder4_methodology_drc_routed.pb -rpx Adder4_methodology_drc_routed.rpx
INFO: [Timing 38-35] Done setting XDC timing constraints.
INFO: [Timing 38-35] Done setting XDC timing constraints.
INFO: [DRC 23-133] Running Methodology with 2 threads
INFO: [Coretcl 2-1520] The results of Report Methodology are in file C:/Users/ga62mos/VHLDsample/trial001/trial001.runs/impl_1/Adder4_methodology_drc_routed.rpt.
report_methodology completed successfully
INFO: [runtcl-4] Executing : report_power -file Adder4_power_routed.rpt -pb Adder4_power_summary_routed.pb -rpx Adder4_power_routed.rpx
Command: report_power -file Adder4_power_routed.rpt -pb Adder4_power_summary_routed.pb -rpx Adder4_power_routed.rpx
WARNING: [Power 33-232] No user defined clocks were found in the design!
Resolution: Please specify clocks using create_clock/create_generated_clock for sequential elements. For pure combinatorial circuits, please specify a virtual clock, otherwise the vectorless estimation might be inaccurate
INFO: [Timing 38-35] Done setting XDC timing constraints.
Running Vector-less Activity Propagation...

Finished Running Vector-less Activity Propagation
64 Infos, 1 Warnings, 0 Critical Warnings and 0 Errors encountered.
report_power completed successfully
INFO: [runtcl-4] Executing : report_route_status -file Adder4_route_status.rpt -pb Adder4_route_status.pb
INFO: [runtcl-4] Executing : report_timing_summary -max_paths 10 -file Adder4_timing_summary_routed.rpt -rpx Adder4_timing_summary_routed.rpx -warn_on_violation 
INFO: [Timing 38-91] UpdateTimingParams: Speed grade: -1, Delay Type: min_max.
INFO: [Timing 38-191] Multithreading enabled for timing update using a maximum of 2 CPUs
WARNING: [Timing 38-313] There are no user specified timing constraints. Timing constraints are needed for proper timing analysis.
INFO: [runtcl-4] Executing : report_incremental_reuse -file Adder4_incremental_reuse_routed.rpt
INFO: [Vivado_Tcl 4-545] No incremental reuse to report, no incremental placement and routing data was found.
INFO: [runtcl-4] Executing : report_clock_utilization -file Adder4_clock_utilization_routed.rpt
INFO: [Common 17-206] Exiting Vivado at Tue Mar 13 17:42:07 2018...
